<?xml version="1.0" encoding="UTF-8"?>
<testng-results ignored="0" total="0" passed="0" failed="0" skipped="0">
  <reporter-output>
  </reporter-output>
  <suite started-at="2022-09-20T10:21:36 EDT" name="Section16.CucumberOptions.TestRunner" finished-at="2022-09-20T10:21:36 EDT" duration-ms="6">
    <groups>
    </groups>
    <test started-at="2022-09-20T10:21:36 EDT" name="Command line test" finished-at="2022-09-20T10:21:36 EDT" duration-ms="6">
    </test> <!-- Command line test -->
  </suite> <!-- Section16.CucumberOptions.TestRunner -->
</testng-results>
